[1211/004125.757:ERROR:process_memory_win.cc(73)] ReadMemory at 0x240c0650000 of 64 bytes failed: Only part of a ReadProcessMemory or WriteProcessMemory request was completed. (0x12B)
[1211/004125.758:WARNING:pe_image_reader.cc(340)] could not read dos header from C:\windows\System32\ADVAPI32.dll
[1211/004125.758:ERROR:process_memory_win.cc(73)] ReadMemory at 0x7ff6cdbb0000 of 64 bytes failed: Only part of a ReadProcessMemory or WriteProcessMemory request was completed. (0x12B)
[1211/004125.758:WARNING:pe_image_reader.cc(340)] could not read dos header from C:\Program Files (x86)\Google\Chrome\Application\chrome.exe
[1211/004125.758:ERROR:process_memory_win.cc(73)] ReadMemory at 0x7ff6cdbb0000 of 64 bytes failed: Only part of a ReadProcessMemory or WriteProcessMemory request was completed. (0x12B)
[1211/004125.759:WARNING:pe_image_reader.cc(340)] could not read dos header from C:\Program Files (x86)\Google\Chrome\Application\chrome.exe
[1211/004125.759:ERROR:process_memory_win.cc(73)] ReadMemory at 0x240c051b6c0 of 72 bytes failed: Only part of a ReadProcessMemory or WriteProcessMemory request was completed. (0x12B)
[1211/004125.759:WARNING:pe_image_annotations_reader.cc(135)] could not read annotations list object in C:\Program Files (x86)\Google\Chrome\Application\87.0.4280.88\chrome_elf.dll
[1211/004125.759:ERROR:process_memory_win.cc(73)] ReadMemory at 0x240c0650000 of 64 bytes failed: Only part of a ReadProcessMemory or WriteProcessMemory request was completed. (0x12B)
[1211/004125.759:WARNING:pe_image_reader.cc(340)] could not read dos header from C:\windows\System32\ADVAPI32.dll
[1211/004125.759:ERROR:process_memory_win.cc(73)] ReadMemory at 0x240c0650000 of 64 bytes failed: Only part of a ReadProcessMemory or WriteProcessMemory request was completed. (0x12B)
[1211/004125.759:WARNING:pe_image_reader.cc(340)] could not read dos header from C:\windows\System32\ADVAPI32.dll
[1211/004125.759:ERROR:process_memory_win.cc(73)] ReadMemory at 0x7ff9f4e90000 of 64 bytes failed: Only part of a ReadProcessMemory or WriteProcessMemory request was completed. (0x12B)
[1211/004125.759:WARNING:pe_image_reader.cc(340)] could not read dos header from C:\Program Files (x86)\Google\Chrome\Application\87.0.4280.88\chrome.dll
[1211/004125.759:ERROR:process_memory_win.cc(73)] ReadMemory at 0x7ff9f4e90000 of 64 bytes failed: Only part of a ReadProcessMemory or WriteProcessMemory request was completed. (0x12B)
[1211/004125.759:WARNING:pe_image_reader.cc(340)] could not read dos header from C:\Program Files (x86)\Google\Chrome\Application\87.0.4280.88\chrome.dll
[1211/004125.787:ERROR:process_memory_win.cc(73)] ReadMemory at 0x7ff6cdbb0000 of 64 bytes failed: Only part of a ReadProcessMemory or WriteProcessMemory request was completed. (0x12B)
[1211/004125.787:WARNING:pe_image_reader.cc(340)] could not read dos header from C:\Program Files (x86)\Google\Chrome\Application\chrome.exe
[1211/004125.787:ERROR:process_memory_win.cc(73)] ReadMemory at 0x7ffa6f380000 of 64 bytes failed: Only part of a ReadProcessMemory or WriteProcessMemory request was completed. (0x12B)
[1211/004125.787:WARNING:pe_image_reader.cc(340)] could not read dos header from C:\windows\SYSTEM32\ntdll.dll
[1211/004125.787:ERROR:process_memory_win.cc(73)] ReadMemory at 0x7ffa6d850000 of 64 bytes failed: Only part of a ReadProcessMemory or WriteProcessMemory request was completed. (0x12B)
[1211/004125.787:WARNING:pe_image_reader.cc(340)] could not read dos header from C:\windows\System32\KERNEL32.DLL
[1211/004125.787:ERROR:process_memory_win.cc(73)] ReadMemory at 0x7ffa6c2f0000 of 64 bytes failed: Only part of a ReadProcessMemory or WriteProcessMemory request was completed. (0x12B)
[1211/004125.787:WARNING:pe_image_reader.cc(340)] could not read dos header from C:\windows\System32\KERNELBASE.dll
[1211/004125.787:ERROR:process_memory_win.cc(73)] ReadMemory at 0x7ffa35880000 of 64 bytes failed: Only part of a ReadProcessMemory or WriteProcessMemory request was completed. (0x12B)
[1211/004125.787:WARNING:pe_image_reader.cc(340)] could not read dos header from C:\Program Files (x86)\Google\Chrome\Application\87.0.4280.88\chrome_elf.dll
[1211/004125.787:ERROR:process_memory_win.cc(73)] ReadMemory at 0x7ffa622e0000 of 64 bytes failed: Only part of a ReadProcessMemory or WriteProcessMemory request was completed. (0x12B)
[1211/004125.788:WARNING:pe_image_reader.cc(340)] could not read dos header from C:\windows\SYSTEM32\VERSION.dll
[1211/004125.788:ERROR:process_memory_win.cc(73)] ReadMemory at 0x7ffa6e500000 of 64 bytes failed: Only part of a ReadProcessMemory or WriteProcessMemory request was completed. (0x12B)
[1211/004125.788:WARNING:pe_image_reader.cc(340)] could not read dos header from C:\windows\System32\msvcrt.dll
[1211/004125.788:ERROR:process_memory_win.cc(73)] ReadMemory at 0x7ffa6cdb0000 of 64 bytes failed: Only part of a ReadProcessMemory or WriteProcessMemory request was completed. (0x12B)
[1211/004125.788:WARNING:pe_image_reader.cc(340)] could not read dos header from C:\windows\System32\bcryptPrimitives.dll
[1211/004125.788:ERROR:process_memory_win.cc(73)] ReadMemory at 0x240c0650000 of 64 bytes failed: Only part of a ReadProcessMemory or WriteProcessMemory request was completed. (0x12B)
[1211/004125.788:WARNING:pe_image_reader.cc(340)] could not read dos header from C:\windows\System32\ADVAPI32.dll
[1211/004125.788:ERROR:process_memory_win.cc(73)] ReadMemory at 0x7ffa6e5a0000 of 64 bytes failed: Only part of a ReadProcessMemory or WriteProcessMemory request was completed. (0x12B)
[1211/004125.788:WARNING:pe_image_reader.cc(340)] could not read dos header from C:\windows\System32\sechost.dll
[1211/004125.788:ERROR:process_memory_win.cc(73)] ReadMemory at 0x7ffa6e170000 of 64 bytes failed: Only part of a ReadProcessMemory or WriteProcessMemory request was completed. (0x12B)
[1211/004125.788:WARNING:pe_image_reader.cc(340)] could not read dos header from C:\windows\System32\RPCRT4.dll
[1211/004125.788:ERROR:process_memory_win.cc(73)] ReadMemory at 0x7ff9f4e90000 of 64 bytes failed: Only part of a ReadProcessMemory or WriteProcessMemory request was completed. (0x12B)
[1211/004125.788:WARNING:pe_image_reader.cc(340)] could not read dos header from C:\Program Files (x86)\Google\Chrome\Application\87.0.4280.88\chrome.dll
[1211/004125.788:ERROR:process_memory_win.cc(73)] ReadMemory at 0x7ffa6e290000 of 64 bytes failed: Only part of a ReadProcessMemory or WriteProcessMemory request was completed. (0x12B)
[1211/004125.788:WARNING:pe_image_reader.cc(340)] could not read dos header from C:\windows\System32\WS2_32.dll
[1211/004125.788:ERROR:process_memory_win.cc(73)] ReadMemory at 0x7ffa6dfc0000 of 64 bytes failed: Only part of a ReadProcessMemory or WriteProcessMemory request was completed. (0x12B)
[1211/004125.788:WARNING:pe_image_reader.cc(340)] could not read dos header from C:\windows\System32\OLEAUT32.dll
[1211/004125.788:ERROR:process_memory_win.cc(73)] ReadMemory at 0x7ffa6cf90000 of 64 bytes failed: Only part of a ReadProcessMemory or WriteProcessMemory request was completed. (0x12B)
[1211/004125.788:WARNING:pe_image_reader.cc(340)] could not read dos header from C:\windows\System32\msvcp_win.dll
[1211/004125.788:ERROR:process_memory_win.cc(73)] ReadMemory at 0x7ffa6d030000 of 64 bytes failed: Only part of a ReadProcessMemory or WriteProcessMemory request was completed. (0x12B)
[1211/004125.788:WARNING:pe_image_reader.cc(340)] could not read dos header from C:\windows\System32\ucrtbase.dll
[1211/004125.788:ERROR:process_memory_win.cc(73)] ReadMemory at 0x7ffa6ede0000 of 64 bytes failed: Only part of a ReadProcessMemory or WriteProcessMemory request was completed. (0x12B)
[1211/004125.788:WARNING:pe_image_reader.cc(340)] could not read dos header from C:\windows\System32\combase.dll
[1211/004125.788:ERROR:process_memory_win.cc(73)] ReadMemory at 0x7ffa6d230000 of 64 bytes failed: Only part of a ReadProcessMemory or WriteProcessMemory request was completed. (0x12B)
[1211/004125.788:WARNING:pe_image_reader.cc(340)] could not read dos header from C:\windows\System32\WINTRUST.dll
[1211/004125.788:ERROR:process_memory_win.cc(73)] ReadMemory at 0x7ffa6c2d0000 of 64 bytes failed: Only part of a ReadProcessMemory or WriteProcessMemory request was completed. (0x12B)
[1211/004125.788:WARNING:pe_image_reader.cc(340)] could not read dos header from C:\windows\System32\MSASN1.dll
[1211/004125.788:ERROR:process_memory_win.cc(73)] ReadMemory at 0x7ffa6ce40000 of 64 bytes failed: Only part of a ReadProcessMemory or WriteProcessMemory request was completed. (0x12B)
[1211/004125.788:WARNING:pe_image_reader.cc(340)] could not read dos header from C:\windows\System32\CRYPT32.dll
[1211/004125.788:ERROR:process_memory_win.cc(73)] ReadMemory at 0x7ffa65ca0000 of 64 bytes failed: Only part of a ReadProcessMemory or WriteProcessMemory request was completed. (0x12B)
[1211/004125.788:WARNING:pe_image_reader.cc(340)] could not read dos header from C:\windows\SYSTEM32\dbghelp.dll
[1211/004125.788:ERROR:process_memory_win.cc(73)] ReadMemory at 0x7ffa6b780000 of 64 bytes failed: Only part of a ReadProcessMemory or WriteProcessMemory request was completed. (0x12B)
[1211/004125.788:WARNING:pe_image_reader.cc(340)] could not read dos header from C:\windows\SYSTEM32\IPHLPAPI.DLL
[1211/004125.788:ERROR:process_memory_win.cc(73)] ReadMemory at 0x7ffa68b10000 of 64 bytes failed: Only part of a ReadProcessMemory or WriteProcessMemory request was completed. (0x12B)
[1211/004125.788:WARNING:pe_image_reader.cc(340)] could not read dos header from C:\windows\SYSTEM32\WINMM.dll
[1211/004125.788:ERROR:process_memory_win.cc(73)] ReadMemory at 0x7ffa30cf0000 of 64 bytes failed: Only part of a ReadProcessMemory or WriteProcessMemory request was completed. (0x12B)
[1211/004125.788:WARNING:pe_image_reader.cc(340)] could not read dos header from C:\windows\SYSTEM32\UIAutomationCore.DLL
[1211/004125.788:ERROR:process_memory_win.cc(73)] ReadMemory at 0x7ffa488b0000 of 64 bytes failed: Only part of a ReadProcessMemory or WriteProcessMemory request was completed. (0x12B)
[1211/004125.788:WARNING:pe_image_reader.cc(340)] could not read dos header from C:\windows\SYSTEM32\Secur32.dll
[1211/004125.788:ERROR:process_memory_win.cc(73)] ReadMemory at 0x7ffa6c140000 of 64 bytes failed: Only part of a ReadProcessMemory or WriteProcessMemory request was completed. (0x12B)
[1211/004125.789:WARNING:pe_image_reader.cc(340)] could not read dos header from C:\windows\SYSTEM32\USERENV.dll
[1211/004125.789:ERROR:process_memory_win.cc(73)] ReadMemory at 0x7ffa6c2a0000 of 64 bytes failed: Only part of a ReadProcessMemory or WriteProcessMemory request was completed. (0x12B)
[1211/004125.789:WARNING:pe_image_reader.cc(340)] could not read dos header from C:\windows\System32\profapi.dll
[1211/004125.789:ERROR:process_memory_win.cc(73)] ReadMemory at 0x7ffa36c90000 of 64 bytes failed: Only part of a ReadProcessMemory or WriteProcessMemory request was completed. (0x12B)
[1211/004125.789:WARNING:pe_image_reader.cc(340)] could not read dos header from C:\windows\SYSTEM32\DWrite.dll
[1211/004125.789:ERROR:process_memory_win.cc(73)] ReadMemory at 0x7ffa4f790000 of 64 bytes failed: Only part of a ReadProcessMemory or WriteProcessMemory request was completed. (0x12B)
[1211/004125.789:WARNING:pe_image_reader.cc(340)] could not read dos header from C:\windows\SYSTEM32\WINSPOOL.DRV
[1211/004125.789:ERROR:process_memory_win.cc(73)] ReadMemory at 0x7ffa6c230000 of 64 bytes failed: Only part of a ReadProcessMemory or WriteProcessMemory request was completed. (0x12B)
[1211/004125.789:WARNING:pe_image_reader.cc(340)] could not read dos header from C:\windows\System32\kernel.appcore.dll
[1211/004125.789:ERROR:process_memory_win.cc(73)] ReadMemory at 0x7ffa6cd80000 of 64 bytes failed: Only part of a ReadProcessMemory or WriteProcessMemory request was completed. (0x12B)
[1211/004125.789:WARNING:pe_image_reader.cc(340)] could not read dos header from C:\windows\System32\bcrypt.dll
[1211/004125.789:ERROR:process_memory_win.cc(73)] ReadMemory at 0x7ffa67860000 of 64 bytes failed: Only part of a ReadProcessMemory or WriteProcessMemory request was completed. (0x12B)
[1211/004125.789:WARNING:pe_image_reader.cc(340)] could not read dos header from C:\windows\SYSTEM32\WINHTTP.dll
[1211/004125.789:ERROR:process_memory_win.cc(73)] ReadMemory at 0x7ffa621f0000 of 64 bytes failed: Only part of a ReadProcessMemory or WriteProcessMemory request was completed. (0x12B)
[1211/004125.789:WARNING:pe_image_reader.cc(340)] could not read dos header from C:\windows\SYSTEM32\dhcpcsvc.DLL
[1211/004125.789:ERROR:process_memory_win.cc(73)] ReadMemory at 0x7ffa6def0000 of 64 bytes failed: Only part of a ReadProcessMemory or WriteProcessMemory request was completed. (0x12B)
[1211/004125.789:WARNING:pe_image_reader.cc(340)] could not read dos header from C:\windows\System32\NSI.dll
[1211/004125.789:ERROR:process_memory_win.cc(73)] ReadMemory at 0x7ffa68ae0000 of 64 bytes failed: Only part of a ReadProcessMemory or WriteProcessMemory request was completed. (0x12B)
[1211/004125.789:WARNING:pe_image_reader.cc(340)] could not read dos header from C:\windows\SYSTEM32\WINMMBASE.dll
[1211/004125.789:ERROR:process_memory_win.cc(73)] ReadMemory at 0x7ffa6c5a0000 of 64 bytes failed: Only part of a ReadProcessMemory or WriteProcessMemory request was completed. (0x12B)
[1211/004125.789:WARNING:pe_image_reader.cc(340)] could not read dos header from C:\windows\System32\cfgmgr32.dll
[1211/004125.789:ERROR:process_memory_win.cc(73)] ReadMemory at 0x7ffa68690000 of 64 bytes failed: Only part of a ReadProcessMemory or WriteProcessMemory request was completed. (0x12B)
[1211/004125.789:WARNING:pe_image_reader.cc(340)] could not read dos header from C:\windows\SYSTEM32\PROPSYS.dll
[1211/004125.789:ERROR:process_memory_win.cc(73)] ReadMemory at 0x7ffa6df00000 of 64 bytes failed: Only part of a ReadProcessMemory or WriteProcessMemory request was completed. (0x12B)
[1211/004125.789:WARNING:pe_image_reader.cc(340)] could not read dos header from C:\windows\System32\shcore.dll
[1211/004125.789:ERROR:process_memory_win.cc(73)] ReadMemory at 0x7ffa6c100000 of 64 bytes failed: Only part of a ReadProcessMemory or WriteProcessMemory request was completed. (0x12B)
[1211/004125.789:WARNING:pe_image_reader.cc(340)] could not read dos header from C:\windows\SYSTEM32\SSPICLI.DLL
[1211/004125.789:ERROR:process_memory_win.cc(73)] ReadMemory at 0x7ffa6e6b0000 of 64 bytes failed: Only part of a ReadProcessMemory or WriteProcessMemory request was completed. (0x12B)
[1211/004125.789:WARNING:pe_image_reader.cc(340)] could not read dos header from C:\windows\System32\SHELL32.dll
[1211/004125.789:ERROR:process_memory_win.cc(73)] ReadMemory at 0x7ffa6c5f0000 of 64 bytes failed: Only part of a ReadProcessMemory or WriteProcessMemory request was completed. (0x12B)
[1211/004125.789:WARNING:pe_image_reader.cc(340)] could not read dos header from C:\windows\System32\windows.storage.dll
[1211/004125.789:ERROR:process_memory_win.cc(73)] ReadMemory at 0x7ffa6c250000 of 64 bytes failed: Only part of a ReadProcessMemory or WriteProcessMemory request was completed. (0x12B)
[1211/004125.789:WARNING:pe_image_reader.cc(340)] could not read dos header from C:\windows\System32\powrprof.dll
[1211/004125.789:ERROR:process_memory_win.cc(73)] ReadMemory at 0x7ffa6c220000 of 64 bytes failed: Only part of a ReadProcessMemory or WriteProcessMemory request was completed. (0x12B)
[1211/004125.789:WARNING:pe_image_reader.cc(340)] could not read dos header from C:\windows\System32\UMPDC.dll
[1211/004125.789:ERROR:process_memory_win.cc(73)] ReadMemory at 0x7ffa6f260000 of 64 bytes failed: Only part of a ReadProcessMemory or WriteProcessMemory request was completed. (0x12B)
[1211/004125.789:WARNING:pe_image_reader.cc(340)] could not read dos header from C:\windows\System32\shlwapi.dll
[1211/004125.789:ERROR:process_memory_win.cc(73)] ReadMemory at 0x7ffa6eda0000 of 64 bytes failed: Only part of a ReadProcessMemory or WriteProcessMemory request was completed. (0x12B)
[1211/004125.789:WARNING:pe_image_reader.cc(340)] could not read dos header from C:\windows\System32\GDI32.dll
[1211/004125.789:ERROR:process_memory_win.cc(73)] ReadMemory at 0x7ffa6d130000 of 64 bytes failed: Only part of a ReadProcessMemory or WriteProcessMemory request was completed. (0x12B)
[1211/004125.789:WARNING:pe_image_reader.cc(340)] could not read dos header from C:\windows\System32\win32u.dll
[1211/004125.790:ERROR:process_memory_win.cc(73)] ReadMemory at 0x7ffa6d290000 of 64 bytes failed: Only part of a ReadProcessMemory or WriteProcessMemory request was completed. (0x12B)
[1211/004125.790:WARNING:pe_image_reader.cc(340)] could not read dos header from C:\windows\System32\gdi32full.dll
[1211/004125.790:ERROR:process_memory_win.cc(73)] ReadMemory at 0x7ffa6d6b0000 of 64 bytes failed: Only part of a ReadProcessMemory or WriteProcessMemory request was completed. (0x12B)
[1211/004125.790:WARNING:pe_image_reader.cc(340)] could not read dos header from C:\windows\System32\USER32.dll
[1211/004125.790:ERROR:process_memory_win.cc(73)] ReadMemory at 0x7ffa6d210000 of 64 bytes failed: Only part of a ReadProcessMemory or WriteProcessMemory request was completed. (0x12B)
[1211/004125.790:WARNING:pe_image_reader.cc(340)] could not read dos header from C:\windows\System32\cryptsp.dll
[1211/004125.790:ERROR:process_memory_win.cc(73)] ReadMemory at 0x7ffa6e090000 of 64 bytes failed: Only part of a ReadProcessMemory or WriteProcessMemory request was completed. (0x12B)
[1211/004125.790:WARNING:pe_image_reader.cc(340)] could not read dos header from C:\windows\System32\IMM32.DLL
[1211/004125.790:ERROR:process_memory_win.cc(73)] ReadMemory at 0x7ffa6bc40000 of 64 bytes failed: Only part of a ReadProcessMemory or WriteProcessMemory request was completed. (0x12B)
[1211/004125.790:WARNING:pe_image_reader.cc(340)] could not read dos header from C:\windows\SYSTEM32\CRYPTBASE.DLL
[1211/004125.793:ERROR:process_memory_win.cc(73)] ReadMemory at 0x7ff6cdbb0000 of 64 bytes failed: Only part of a ReadProcessMemory or WriteProcessMemory request was completed. (0x12B)
[1211/004125.793:WARNING:pe_image_reader.cc(340)] could not read dos header from C:\Program Files (x86)\Google\Chrome\Application\chrome.exe
[1211/004125.793:ERROR:process_memory_win.cc(73)] ReadMemory at 0x7ffa6f380000 of 64 bytes failed: Only part of a ReadProcessMemory or WriteProcessMemory request was completed. (0x12B)
[1211/004125.793:WARNING:pe_image_reader.cc(340)] could not read dos header from C:\windows\SYSTEM32\ntdll.dll
[1211/004125.793:ERROR:process_memory_win.cc(73)] ReadMemory at 0x7ffa6d850000 of 64 bytes failed: Only part of a ReadProcessMemory or WriteProcessMemory request was completed. (0x12B)
[1211/004125.793:WARNING:pe_image_reader.cc(340)] could not read dos header from C:\windows\System32\KERNEL32.DLL
[1211/004125.793:ERROR:process_memory_win.cc(73)] ReadMemory at 0x7ffa6c2f0000 of 64 bytes failed: Only part of a ReadProcessMemory or WriteProcessMemory request was completed. (0x12B)
[1211/004125.793:WARNING:pe_image_reader.cc(340)] could not read dos header from C:\windows\System32\KERNELBASE.dll
[1211/004125.793:ERROR:process_memory_win.cc(73)] ReadMemory at 0x7ffa35880000 of 64 bytes failed: Only part of a ReadProcessMemory or WriteProcessMemory request was completed. (0x12B)
[1211/004125.793:WARNING:pe_image_reader.cc(340)] could not read dos header from C:\Program Files (x86)\Google\Chrome\Application\87.0.4280.88\chrome_elf.dll
[1211/004125.793:ERROR:process_memory_win.cc(73)] ReadMemory at 0x7ffa622e0000 of 64 bytes failed: Only part of a ReadProcessMemory or WriteProcessMemory request was completed. (0x12B)
[1211/004125.793:WARNING:pe_image_reader.cc(340)] could not read dos header from C:\windows\SYSTEM32\VERSION.dll
[1211/004125.793:ERROR:process_memory_win.cc(73)] ReadMemory at 0x7ffa6e500000 of 64 bytes failed: Only part of a ReadProcessMemory or WriteProcessMemory request was completed. (0x12B)
[1211/004125.793:WARNING:pe_image_reader.cc(340)] could not read dos header from C:\windows\System32\msvcrt.dll
[1211/004125.794:ERROR:process_memory_win.cc(73)] ReadMemory at 0x7ffa6cdb0000 of 64 bytes failed: Only part of a ReadProcessMemory or WriteProcessMemory request was completed. (0x12B)
[1211/004125.794:WARNING:pe_image_reader.cc(340)] could not read dos header from C:\windows\System32\bcryptPrimitives.dll
[1211/004125.794:ERROR:process_memory_win.cc(73)] ReadMemory at 0x240c0650000 of 64 bytes failed: Only part of a ReadProcessMemory or WriteProcessMemory request was completed. (0x12B)
[1211/004125.794:WARNING:pe_image_reader.cc(340)] could not read dos header from C:\windows\System32\ADVAPI32.dll
[1211/004125.794:ERROR:process_memory_win.cc(73)] ReadMemory at 0x7ffa6e5a0000 of 64 bytes failed: Only part of a ReadProcessMemory or WriteProcessMemory request was completed. (0x12B)
[1211/004125.794:WARNING:pe_image_reader.cc(340)] could not read dos header from C:\windows\System32\sechost.dll
[1211/004125.794:ERROR:process_memory_win.cc(73)] ReadMemory at 0x7ffa6e170000 of 64 bytes failed: Only part of a ReadProcessMemory or WriteProcessMemory request was completed. (0x12B)
[1211/004125.794:WARNING:pe_image_reader.cc(340)] could not read dos header from C:\windows\System32\RPCRT4.dll
[1211/004125.794:ERROR:process_memory_win.cc(73)] ReadMemory at 0x7ff9f4e90000 of 64 bytes failed: Only part of a ReadProcessMemory or WriteProcessMemory request was completed. (0x12B)
[1211/004125.794:WARNING:pe_image_reader.cc(340)] could not read dos header from C:\Program Files (x86)\Google\Chrome\Application\87.0.4280.88\chrome.dll
[1211/004125.794:ERROR:process_memory_win.cc(73)] ReadMemory at 0x7ffa6e290000 of 64 bytes failed: Only part of a ReadProcessMemory or WriteProcessMemory request was completed. (0x12B)
[1211/004125.794:WARNING:pe_image_reader.cc(340)] could not read dos header from C:\windows\System32\WS2_32.dll
[1211/004125.794:ERROR:process_memory_win.cc(73)] ReadMemory at 0x7ffa6dfc0000 of 64 bytes failed: Only part of a ReadProcessMemory or WriteProcessMemory request was completed. (0x12B)
[1211/004125.794:WARNING:pe_image_reader.cc(340)] could not read dos header from C:\windows\System32\OLEAUT32.dll
[1211/004125.794:ERROR:process_memory_win.cc(73)] ReadMemory at 0x7ffa6cf90000 of 64 bytes failed: Only part of a ReadProcessMemory or WriteProcessMemory request was completed. (0x12B)
[1211/004125.794:WARNING:pe_image_reader.cc(340)] could not read dos header from C:\windows\System32\msvcp_win.dll
[1211/004125.794:ERROR:process_memory_win.cc(73)] ReadMemory at 0x7ffa6d030000 of 64 bytes failed: Only part of a ReadProcessMemory or WriteProcessMemory request was completed. (0x12B)
[1211/004125.794:WARNING:pe_image_reader.cc(340)] could not read dos header from C:\windows\System32\ucrtbase.dll
[1211/004125.794:ERROR:process_memory_win.cc(73)] ReadMemory at 0x7ffa6ede0000 of 64 bytes failed: Only part of a ReadProcessMemory or WriteProcessMemory request was completed. (0x12B)
[1211/004125.794:WARNING:pe_image_reader.cc(340)] could not read dos header from C:\windows\System32\combase.dll
[1211/004125.794:ERROR:process_memory_win.cc(73)] ReadMemory at 0x7ffa6d230000 of 64 bytes failed: Only part of a ReadProcessMemory or WriteProcessMemory request was completed. (0x12B)
[1211/004125.794:WARNING:pe_image_reader.cc(340)] could not read dos header from C:\windows\System32\WINTRUST.dll
[1211/004125.794:ERROR:process_memory_win.cc(73)] ReadMemory at 0x7ffa6c2d0000 of 64 bytes failed: Only part of a ReadProcessMemory or WriteProcessMemory request was completed. (0x12B)
[1211/004125.794:WARNING:pe_image_reader.cc(340)] could not read dos header from C:\windows\System32\MSASN1.dll
[1211/004125.794:ERROR:process_memory_win.cc(73)] ReadMemory at 0x7ffa6ce40000 of 64 bytes failed: Only part of a ReadProcessMemory or WriteProcessMemory request was completed. (0x12B)
[1211/004125.794:WARNING:pe_image_reader.cc(340)] could not read dos header from C:\windows\System32\CRYPT32.dll
[1211/004125.794:ERROR:process_memory_win.cc(73)] ReadMemory at 0x7ffa65ca0000 of 64 bytes failed: Only part of a ReadProcessMemory or WriteProcessMemory request was completed. (0x12B)
[1211/004125.794:WARNING:pe_image_reader.cc(340)] could not read dos header from C:\windows\SYSTEM32\dbghelp.dll
[1211/004125.794:ERROR:process_memory_win.cc(73)] ReadMemory at 0x7ffa6b780000 of 64 bytes failed: Only part of a ReadProcessMemory or WriteProcessMemory request was completed. (0x12B)
[1211/004125.794:WARNING:pe_image_reader.cc(340)] could not read dos header from C:\windows\SYSTEM32\IPHLPAPI.DLL
[1211/004125.794:ERROR:process_memory_win.cc(73)] ReadMemory at 0x7ffa68b10000 of 64 bytes failed: Only part of a ReadProcessMemory or WriteProcessMemory request was completed. (0x12B)
[1211/004125.794:WARNING:pe_image_reader.cc(340)] could not read dos header from C:\windows\SYSTEM32\WINMM.dll
[1211/004125.794:ERROR:process_memory_win.cc(73)] ReadMemory at 0x7ffa30cf0000 of 64 bytes failed: Only part of a ReadProcessMemory or WriteProcessMemory request was completed. (0x12B)
[1211/004125.794:WARNING:pe_image_reader.cc(340)] could not read dos header from C:\windows\SYSTEM32\UIAutomationCore.DLL
[1211/004125.795:ERROR:process_memory_win.cc(73)] ReadMemory at 0x7ffa488b0000 of 64 bytes failed: Only part of a ReadProcessMemory or WriteProcessMemory request was completed. (0x12B)
[1211/004125.795:WARNING:pe_image_reader.cc(340)] could not read dos header from C:\windows\SYSTEM32\Secur32.dll
[1211/004125.795:ERROR:process_memory_win.cc(73)] ReadMemory at 0x7ffa6c140000 of 64 bytes failed: Only part of a ReadProcessMemory or WriteProcessMemory request was completed. (0x12B)
[1211/004125.795:WARNING:pe_image_reader.cc(340)] could not read dos header from C:\windows\SYSTEM32\USERENV.dll
[1211/004125.795:ERROR:process_memory_win.cc(73)] ReadMemory at 0x7ffa6c2a0000 of 64 bytes failed: Only part of a ReadProcessMemory or WriteProcessMemory request was completed. (0x12B)
[1211/004125.795:WARNING:pe_image_reader.cc(340)] could not read dos header from C:\windows\System32\profapi.dll
[1211/004125.795:ERROR:process_memory_win.cc(73)] ReadMemory at 0x7ffa36c90000 of 64 bytes failed: Only part of a ReadProcessMemory or WriteProcessMemory request was completed. (0x12B)
[1211/004125.795:WARNING:pe_image_reader.cc(340)] could not read dos header from C:\windows\SYSTEM32\DWrite.dll
[1211/004125.795:ERROR:process_memory_win.cc(73)] ReadMemory at 0x7ffa4f790000 of 64 bytes failed: Only part of a ReadProcessMemory or WriteProcessMemory request was completed. (0x12B)
[1211/004125.795:WARNING:pe_image_reader.cc(340)] could not read dos header from C:\windows\SYSTEM32\WINSPOOL.DRV
[1211/004125.795:ERROR:process_memory_win.cc(73)] ReadMemory at 0x7ffa6c230000 of 64 bytes failed: Only part of a ReadProcessMemory or WriteProcessMemory request was completed. (0x12B)
[1211/004125.795:WARNING:pe_image_reader.cc(340)] could not read dos header from C:\windows\System32\kernel.appcore.dll
[1211/004125.795:ERROR:process_memory_win.cc(73)] ReadMemory at 0x7ffa6cd80000 of 64 bytes failed: Only part of a ReadProcessMemory or WriteProcessMemory request was completed. (0x12B)
[1211/004125.795:WARNING:pe_image_reader.cc(340)] could not read dos header from C:\windows\System32\bcrypt.dll
[1211/004125.795:ERROR:process_memory_win.cc(73)] ReadMemory at 0x7ffa67860000 of 64 bytes failed: Only part of a ReadProcessMemory or WriteProcessMemory request was completed. (0x12B)
[1211/004125.795:WARNING:pe_image_reader.cc(340)] could not read dos header from C:\windows\SYSTEM32\WINHTTP.dll
[1211/004125.795:ERROR:process_memory_win.cc(73)] ReadMemory at 0x7ffa621f0000 of 64 bytes failed: Only part of a ReadProcessMemory or WriteProcessMemory request was completed. (0x12B)
[1211/004125.795:WARNING:pe_image_reader.cc(340)] could not read dos header from C:\windows\SYSTEM32\dhcpcsvc.DLL
[1211/004125.795:ERROR:process_memory_win.cc(73)] ReadMemory at 0x7ffa6def0000 of 64 bytes failed: Only part of a ReadProcessMemory or WriteProcessMemory request was completed. (0x12B)
[1211/004125.795:WARNING:pe_image_reader.cc(340)] could not read dos header from C:\windows\System32\NSI.dll
[1211/004125.795:ERROR:process_memory_win.cc(73)] ReadMemory at 0x7ffa68ae0000 of 64 bytes failed: Only part of a ReadProcessMemory or WriteProcessMemory request was completed. (0x12B)
[1211/004125.795:WARNING:pe_image_reader.cc(340)] could not read dos header from C:\windows\SYSTEM32\WINMMBASE.dll
[1211/004125.795:ERROR:process_memory_win.cc(73)] ReadMemory at 0x7ffa6c5a0000 of 64 bytes failed: Only part of a ReadProcessMemory or WriteProcessMemory request was completed. (0x12B)
[1211/004125.795:WARNING:pe_image_reader.cc(340)] could not read dos header from C:\windows\System32\cfgmgr32.dll
[1211/004125.795:ERROR:process_memory_win.cc(73)] ReadMemory at 0x7ffa68690000 of 64 bytes failed: Only part of a ReadProcessMemory or WriteProcessMemory request was completed. (0x12B)
[1211/004125.795:WARNING:pe_image_reader.cc(340)] could not read dos header from C:\windows\SYSTEM32\PROPSYS.dll
[1211/004125.795:ERROR:process_memory_win.cc(73)] ReadMemory at 0x7ffa6df00000 of 64 bytes failed: Only part of a ReadProcessMemory or WriteProcessMemory request was completed. (0x12B)
[1211/004125.795:WARNING:pe_image_reader.cc(340)] could not read dos header from C:\windows\System32\shcore.dll
[1211/004125.795:ERROR:process_memory_win.cc(73)] ReadMemory at 0x7ffa6c100000 of 64 bytes failed: Only part of a ReadProcessMemory or WriteProcessMemory request was completed. (0x12B)
[1211/004125.795:WARNING:pe_image_reader.cc(340)] could not read dos header from C:\windows\SYSTEM32\SSPICLI.DLL
[1211/004125.796:ERROR:process_memory_win.cc(73)] ReadMemory at 0x7ffa6e6b0000 of 64 bytes failed: Only part of a ReadProcessMemory or WriteProcessMemory request was completed. (0x12B)
[1211/004125.796:WARNING:pe_image_reader.cc(340)] could not read dos header from C:\windows\System32\SHELL32.dll
[1211/004125.796:ERROR:process_memory_win.cc(73)] ReadMemory at 0x7ffa6c5f0000 of 64 bytes failed: Only part of a ReadProcessMemory or WriteProcessMemory request was completed. (0x12B)
[1211/004125.796:WARNING:pe_image_reader.cc(340)] could not read dos header from C:\windows\System32\windows.storage.dll
[1211/004125.796:ERROR:process_memory_win.cc(73)] ReadMemory at 0x7ffa6c250000 of 64 bytes failed: Only part of a ReadProcessMemory or WriteProcessMemory request was completed. (0x12B)
[1211/004125.796:WARNING:pe_image_reader.cc(340)] could not read dos header from C:\windows\System32\powrprof.dll
[1211/004125.796:ERROR:process_memory_win.cc(73)] ReadMemory at 0x7ffa6c220000 of 64 bytes failed: Only part of a ReadProcessMemory or WriteProcessMemory request was completed. (0x12B)
[1211/004125.796:WARNING:pe_image_reader.cc(340)] could not read dos header from C:\windows\System32\UMPDC.dll
[1211/004125.796:ERROR:process_memory_win.cc(73)] ReadMemory at 0x7ffa6f260000 of 64 bytes failed: Only part of a ReadProcessMemory or WriteProcessMemory request was completed. (0x12B)
[1211/004125.796:WARNING:pe_image_reader.cc(340)] could not read dos header from C:\windows\System32\shlwapi.dll
[1211/004125.796:ERROR:process_memory_win.cc(73)] ReadMemory at 0x7ffa6eda0000 of 64 bytes failed: Only part of a ReadProcessMemory or WriteProcessMemory request was completed. (0x12B)
[1211/004125.796:WARNING:pe_image_reader.cc(340)] could not read dos header from C:\windows\System32\GDI32.dll
[1211/004125.796:ERROR:process_memory_win.cc(73)] ReadMemory at 0x7ffa6d130000 of 64 bytes failed: Only part of a ReadProcessMemory or WriteProcessMemory request was completed. (0x12B)
[1211/004125.796:WARNING:pe_image_reader.cc(340)] could not read dos header from C:\windows\System32\win32u.dll
[1211/004125.796:ERROR:process_memory_win.cc(73)] ReadMemory at 0x7ffa6d290000 of 64 bytes failed: Only part of a ReadProcessMemory or WriteProcessMemory request was completed. (0x12B)
[1211/004125.796:WARNING:pe_image_reader.cc(340)] could not read dos header from C:\windows\System32\gdi32full.dll
[1211/004125.796:ERROR:process_memory_win.cc(73)] ReadMemory at 0x7ffa6d6b0000 of 64 bytes failed: Only part of a ReadProcessMemory or WriteProcessMemory request was completed. (0x12B)
[1211/004125.796:WARNING:pe_image_reader.cc(340)] could not read dos header from C:\windows\System32\USER32.dll
[1211/004125.796:ERROR:process_memory_win.cc(73)] ReadMemory at 0x7ffa6d210000 of 64 bytes failed: Only part of a ReadProcessMemory or WriteProcessMemory request was completed. (0x12B)
[1211/004125.796:WARNING:pe_image_reader.cc(340)] could not read dos header from C:\windows\System32\cryptsp.dll
[1211/004125.796:ERROR:process_memory_win.cc(73)] ReadMemory at 0x7ffa6e090000 of 64 bytes failed: Only part of a ReadProcessMemory or WriteProcessMemory request was completed. (0x12B)
[1211/004125.796:WARNING:pe_image_reader.cc(340)] could not read dos header from C:\windows\System32\IMM32.DLL
[1211/004125.796:ERROR:process_memory_win.cc(73)] ReadMemory at 0x7ffa6bc40000 of 64 bytes failed: Only part of a ReadProcessMemory or WriteProcessMemory request was completed. (0x12B)
[1211/004125.796:WARNING:pe_image_reader.cc(340)] could not read dos header from C:\windows\SYSTEM32\CRYPTBASE.DLL
[1211/004125.796:ERROR:process_memory_win.cc(73)] ReadMemory at 0x7ff6cdbb0000 of 64 bytes failed: Only part of a ReadProcessMemory or WriteProcessMemory request was completed. (0x12B)
[1211/004125.796:WARNING:pe_image_reader.cc(340)] could not read dos header from C:\Program Files (x86)\Google\Chrome\Application\chrome.exe
[1211/004125.796:ERROR:process_memory_win.cc(73)] ReadMemory at 0x7ffa6f380000 of 64 bytes failed: Only part of a ReadProcessMemory or WriteProcessMemory request was completed. (0x12B)
[1211/004125.796:WARNING:pe_image_reader.cc(340)] could not read dos header from C:\windows\SYSTEM32\ntdll.dll
[1211/004125.796:ERROR:process_memory_win.cc(73)] ReadMemory at 0x7ffa6d850000 of 64 bytes failed: Only part of a ReadProcessMemory or WriteProcessMemory request was completed. (0x12B)
[1211/004125.797:WARNING:pe_image_reader.cc(340)] could not read dos header from C:\windows\System32\KERNEL32.DLL
[1211/004125.797:ERROR:process_memory_win.cc(73)] ReadMemory at 0x7ffa6c2f0000 of 64 bytes failed: Only part of a ReadProcessMemory or WriteProcessMemory request was completed. (0x12B)
[1211/004125.797:WARNING:pe_image_reader.cc(340)] could not read dos header from C:\windows\System32\KERNELBASE.dll
[1211/004125.797:ERROR:process_memory_win.cc(73)] ReadMemory at 0x7ffa35880000 of 64 bytes failed: Only part of a ReadProcessMemory or WriteProcessMemory request was completed. (0x12B)
[1211/004125.797:WARNING:pe_image_reader.cc(340)] could not read dos header from C:\Program Files (x86)\Google\Chrome\Application\87.0.4280.88\chrome_elf.dll
[1211/004125.797:ERROR:process_memory_win.cc(73)] ReadMemory at 0x7ffa622e0000 of 64 bytes failed: Only part of a ReadProcessMemory or WriteProcessMemory request was completed. (0x12B)
[1211/004125.797:WARNING:pe_image_reader.cc(340)] could not read dos header from C:\windows\SYSTEM32\VERSION.dll
[1211/004125.797:ERROR:process_memory_win.cc(73)] ReadMemory at 0x7ffa6e500000 of 64 bytes failed: Only part of a ReadProcessMemory or WriteProcessMemory request was completed. (0x12B)
[1211/004125.797:WARNING:pe_image_reader.cc(340)] could not read dos header from C:\windows\System32\msvcrt.dll
[1211/004125.797:ERROR:process_memory_win.cc(73)] ReadMemory at 0x7ffa6cdb0000 of 64 bytes failed: Only part of a ReadProcessMemory or WriteProcessMemory request was completed. (0x12B)
[1211/004125.797:WARNING:pe_image_reader.cc(340)] could not read dos header from C:\windows\System32\bcryptPrimitives.dll
[1211/004125.797:ERROR:process_memory_win.cc(73)] ReadMemory at 0x240c0650000 of 64 bytes failed: Only part of a ReadProcessMemory or WriteProcessMemory request was completed. (0x12B)
[1211/004125.797:WARNING:pe_image_reader.cc(340)] could not read dos header from C:\windows\System32\ADVAPI32.dll
[1211/004125.797:ERROR:process_memory_win.cc(73)] ReadMemory at 0x7ffa6e5a0000 of 64 bytes failed: Only part of a ReadProcessMemory or WriteProcessMemory request was completed. (0x12B)
[1211/004125.797:WARNING:pe_image_reader.cc(340)] could not read dos header from C:\windows\System32\sechost.dll
[1211/004125.797:ERROR:process_memory_win.cc(73)] ReadMemory at 0x7ffa6e170000 of 64 bytes failed: Only part of a ReadProcessMemory or WriteProcessMemory request was completed. (0x12B)
[1211/004125.797:WARNING:pe_image_reader.cc(340)] could not read dos header from C:\windows\System32\RPCRT4.dll
[1211/004125.797:ERROR:process_memory_win.cc(73)] ReadMemory at 0x7ff9f4e90000 of 64 bytes failed: Only part of a ReadProcessMemory or WriteProcessMemory request was completed. (0x12B)
[1211/004125.797:WARNING:pe_image_reader.cc(340)] could not read dos header from C:\Program Files (x86)\Google\Chrome\Application\87.0.4280.88\chrome.dll
[1211/004125.798:ERROR:process_memory_win.cc(73)] ReadMemory at 0x7ffa6e290000 of 64 bytes failed: Only part of a ReadProcessMemory or WriteProcessMemory request was completed. (0x12B)
[1211/004125.798:WARNING:pe_image_reader.cc(340)] could not read dos header from C:\windows\System32\WS2_32.dll
[1211/004125.798:ERROR:process_memory_win.cc(73)] ReadMemory at 0x7ffa6dfc0000 of 64 bytes failed: Only part of a ReadProcessMemory or WriteProcessMemory request was completed. (0x12B)
[1211/004125.798:WARNING:pe_image_reader.cc(340)] could not read dos header from C:\windows\System32\OLEAUT32.dll
[1211/004125.798:ERROR:process_memory_win.cc(73)] ReadMemory at 0x7ffa6cf90000 of 64 bytes failed: Only part of a ReadProcessMemory or WriteProcessMemory request was completed. (0x12B)
[1211/004125.798:WARNING:pe_image_reader.cc(340)] could not read dos header from C:\windows\System32\msvcp_win.dll
[1211/004125.798:ERROR:process_memory_win.cc(73)] ReadMemory at 0x7ffa6d030000 of 64 bytes failed: Only part of a ReadProcessMemory or WriteProcessMemory request was completed. (0x12B)
[1211/004125.798:WARNING:pe_image_reader.cc(340)] could not read dos header from C:\windows\System32\ucrtbase.dll
[1211/004125.798:ERROR:process_memory_win.cc(73)] ReadMemory at 0x7ffa6ede0000 of 64 bytes failed: Only part of a ReadProcessMemory or WriteProcessMemory request was completed. (0x12B)
[1211/004125.798:WARNING:pe_image_reader.cc(340)] could not read dos header from C:\windows\System32\combase.dll
[1211/004125.798:ERROR:process_memory_win.cc(73)] ReadMemory at 0x7ffa6d230000 of 64 bytes failed: Only part of a ReadProcessMemory or WriteProcessMemory request was completed. (0x12B)
[1211/004125.798:WARNING:pe_image_reader.cc(340)] could not read dos header from C:\windows\System32\WINTRUST.dll
[1211/004125.798:ERROR:process_memory_win.cc(73)] ReadMemory at 0x7ffa6c2d0000 of 64 bytes failed: Only part of a ReadProcessMemory or WriteProcessMemory request was completed. (0x12B)
[1211/004125.798:WARNING:pe_image_reader.cc(340)] could not read dos header from C:\windows\System32\MSASN1.dll
[1211/004125.798:ERROR:process_memory_win.cc(73)] ReadMemory at 0x7ffa6ce40000 of 64 bytes failed: Only part of a ReadProcessMemory or WriteProcessMemory request was completed. (0x12B)
[1211/004125.798:WARNING:pe_image_reader.cc(340)] could not read dos header from C:\windows\System32\CRYPT32.dll
[1211/004125.798:ERROR:process_memory_win.cc(73)] ReadMemory at 0x7ffa65ca0000 of 64 bytes failed: Only part of a ReadProcessMemory or WriteProcessMemory request was completed. (0x12B)
[1211/004125.798:WARNING:pe_image_reader.cc(340)] could not read dos header from C:\windows\SYSTEM32\dbghelp.dll
[1211/004125.798:ERROR:process_memory_win.cc(73)] ReadMemory at 0x7ffa6b780000 of 64 bytes failed: Only part of a ReadProcessMemory or WriteProcessMemory request was completed. (0x12B)
[1211/004125.798:WARNING:pe_image_reader.cc(340)] could not read dos header from C:\windows\SYSTEM32\IPHLPAPI.DLL
[1211/004125.798:ERROR:process_memory_win.cc(73)] ReadMemory at 0x7ffa68b10000 of 64 bytes failed: Only part of a ReadProcessMemory or WriteProcessMemory request was completed. (0x12B)
[1211/004125.798:WARNING:pe_image_reader.cc(340)] could not read dos header from C:\windows\SYSTEM32\WINMM.dll
[1211/004125.798:ERROR:process_memory_win.cc(73)] ReadMemory at 0x7ffa30cf0000 of 64 bytes failed: Only part of a ReadProcessMemory or WriteProcessMemory request was completed. (0x12B)
[1211/004125.798:WARNING:pe_image_reader.cc(340)] could not read dos header from C:\windows\SYSTEM32\UIAutomationCore.DLL
[1211/004125.798:ERROR:process_memory_win.cc(73)] ReadMemory at 0x7ffa488b0000 of 64 bytes failed: Only part of a ReadProcessMemory or WriteProcessMemory request was completed. (0x12B)
[1211/004125.798:WARNING:pe_image_reader.cc(340)] could not read dos header from C:\windows\SYSTEM32\Secur32.dll
[1211/004125.798:ERROR:process_memory_win.cc(73)] ReadMemory at 0x7ffa6c140000 of 64 bytes failed: Only part of a ReadProcessMemory or WriteProcessMemory request was completed. (0x12B)
[1211/004125.798:WARNING:pe_image_reader.cc(340)] could not read dos header from C:\windows\SYSTEM32\USERENV.dll
[1211/004125.798:ERROR:process_memory_win.cc(73)] ReadMemory at 0x7ffa6c2a0000 of 64 bytes failed: Only part of a ReadProcessMemory or WriteProcessMemory request was completed. (0x12B)
[1211/004125.798:WARNING:pe_image_reader.cc(340)] could not read dos header from C:\windows\System32\profapi.dll
[1211/004125.798:ERROR:process_memory_win.cc(73)] ReadMemory at 0x7ffa36c90000 of 64 bytes failed: Only part of a ReadProcessMemory or WriteProcessMemory request was completed. (0x12B)
[1211/004125.798:WARNING:pe_image_reader.cc(340)] could not read dos header from C:\windows\SYSTEM32\DWrite.dll
[1211/004125.798:ERROR:process_memory_win.cc(73)] ReadMemory at 0x7ffa4f790000 of 64 bytes failed: Only part of a ReadProcessMemory or WriteProcessMemory request was completed. (0x12B)
[1211/004125.798:WARNING:pe_image_reader.cc(340)] could not read dos header from C:\windows\SYSTEM32\WINSPOOL.DRV
[1211/004125.798:ERROR:process_memory_win.cc(73)] ReadMemory at 0x7ffa6c230000 of 64 bytes failed: Only part of a ReadProcessMemory or WriteProcessMemory request was completed. (0x12B)
[1211/004125.798:WARNING:pe_image_reader.cc(340)] could not read dos header from C:\windows\System32\kernel.appcore.dll
[1211/004125.798:ERROR:process_memory_win.cc(73)] ReadMemory at 0x7ffa6cd80000 of 64 bytes failed: Only part of a ReadProcessMemory or WriteProcessMemory request was completed. (0x12B)
[1211/004125.798:WARNING:pe_image_reader.cc(340)] could not read dos header from C:\windows\System32\bcrypt.dll
[1211/004125.798:ERROR:process_memory_win.cc(73)] ReadMemory at 0x7ffa67860000 of 64 bytes failed: Only part of a ReadProcessMemory or WriteProcessMemory request was completed. (0x12B)
[1211/004125.798:WARNING:pe_image_reader.cc(340)] could not read dos header from C:\windows\SYSTEM32\WINHTTP.dll
[1211/004125.798:ERROR:process_memory_win.cc(73)] ReadMemory at 0x7ffa621f0000 of 64 bytes failed: Only part of a ReadProcessMemory or WriteProcessMemory request was completed. (0x12B)
[1211/004125.798:WARNING:pe_image_reader.cc(340)] could not read dos header from C:\windows\SYSTEM32\dhcpcsvc.DLL
[1211/004125.798:ERROR:process_memory_win.cc(73)] ReadMemory at 0x7ffa6def0000 of 64 bytes failed: Only part of a ReadProcessMemory or WriteProcessMemory request was completed. (0x12B)
[1211/004125.798:WARNING:pe_image_reader.cc(340)] could not read dos header from C:\windows\System32\NSI.dll
[1211/004125.799:ERROR:process_memory_win.cc(73)] ReadMemory at 0x7ffa68ae0000 of 64 bytes failed: Only part of a ReadProcessMemory or WriteProcessMemory request was completed. (0x12B)
[1211/004125.799:WARNING:pe_image_reader.cc(340)] could not read dos header from C:\windows\SYSTEM32\WINMMBASE.dll
[1211/004125.799:ERROR:process_memory_win.cc(73)] ReadMemory at 0x7ffa6c5a0000 of 64 bytes failed: Only part of a ReadProcessMemory or WriteProcessMemory request was completed. (0x12B)
[1211/004125.799:WARNING:pe_image_reader.cc(340)] could not read dos header from C:\windows\System32\cfgmgr32.dll
[1211/004125.799:ERROR:process_memory_win.cc(73)] ReadMemory at 0x7ffa68690000 of 64 bytes failed: Only part of a ReadProcessMemory or WriteProcessMemory request was completed. (0x12B)
[1211/004125.799:WARNING:pe_image_reader.cc(340)] could not read dos header from C:\windows\SYSTEM32\PROPSYS.dll
[1211/004125.799:ERROR:process_memory_win.cc(73)] ReadMemory at 0x7ffa6df00000 of 64 bytes failed: Only part of a ReadProcessMemory or WriteProcessMemory request was completed. (0x12B)
[1211/004125.799:WARNING:pe_image_reader.cc(340)] could not read dos header from C:\windows\System32\shcore.dll
[1211/004125.799:ERROR:process_memory_win.cc(73)] ReadMemory at 0x7ffa6c100000 of 64 bytes failed: Only part of a ReadProcessMemory or WriteProcessMemory request was completed. (0x12B)
[1211/004125.799:WARNING:pe_image_reader.cc(340)] could not read dos header from C:\windows\SYSTEM32\SSPICLI.DLL
[1211/004125.799:ERROR:process_memory_win.cc(73)] ReadMemory at 0x7ffa6e6b0000 of 64 bytes failed: Only part of a ReadProcessMemory or WriteProcessMemory request was completed. (0x12B)
[1211/004125.799:WARNING:pe_image_reader.cc(340)] could not read dos header from C:\windows\System32\SHELL32.dll
[1211/004125.799:ERROR:process_memory_win.cc(73)] ReadMemory at 0x7ffa6c5f0000 of 64 bytes failed: Only part of a ReadProcessMemory or WriteProcessMemory request was completed. (0x12B)
[1211/004125.799:WARNING:pe_image_reader.cc(340)] could not read dos header from C:\windows\System32\windows.storage.dll
[1211/004125.799:ERROR:process_memory_win.cc(73)] ReadMemory at 0x7ffa6c250000 of 64 bytes failed: Only part of a ReadProcessMemory or WriteProcessMemory request was completed. (0x12B)
[1211/004125.799:WARNING:pe_image_reader.cc(340)] could not read dos header from C:\windows\System32\powrprof.dll
[1211/004125.799:ERROR:process_memory_win.cc(73)] ReadMemory at 0x7ffa6c220000 of 64 bytes failed: Only part of a ReadProcessMemory or WriteProcessMemory request was completed. (0x12B)
[1211/004125.799:WARNING:pe_image_reader.cc(340)] could not read dos header from C:\windows\System32\UMPDC.dll
[1211/004125.799:ERROR:process_memory_win.cc(73)] ReadMemory at 0x7ffa6f260000 of 64 bytes failed: Only part of a ReadProcessMemory or WriteProcessMemory request was completed. (0x12B)
[1211/004125.799:WARNING:pe_image_reader.cc(340)] could not read dos header from C:\windows\System32\shlwapi.dll
[1211/004125.799:ERROR:process_memory_win.cc(73)] ReadMemory at 0x7ffa6eda0000 of 64 bytes failed: Only part of a ReadProcessMemory or WriteProcessMemory request was completed. (0x12B)
[1211/004125.799:WARNING:pe_image_reader.cc(340)] could not read dos header from C:\windows\System32\GDI32.dll
[1211/004125.799:ERROR:process_memory_win.cc(73)] ReadMemory at 0x7ffa6d130000 of 64 bytes failed: Only part of a ReadProcessMemory or WriteProcessMemory request was completed. (0x12B)
[1211/004125.799:WARNING:pe_image_reader.cc(340)] could not read dos header from C:\windows\System32\win32u.dll
[1211/004125.799:ERROR:process_memory_win.cc(73)] ReadMemory at 0x7ffa6d290000 of 64 bytes failed: Only part of a ReadProcessMemory or WriteProcessMemory request was completed. (0x12B)
[1211/004125.799:WARNING:pe_image_reader.cc(340)] could not read dos header from C:\windows\System32\gdi32full.dll
[1211/004125.799:ERROR:process_memory_win.cc(73)] ReadMemory at 0x7ffa6d6b0000 of 64 bytes failed: Only part of a ReadProcessMemory or WriteProcessMemory request was completed. (0x12B)
[1211/004125.799:WARNING:pe_image_reader.cc(340)] could not read dos header from C:\windows\System32\USER32.dll
[1211/004125.799:ERROR:process_memory_win.cc(73)] ReadMemory at 0x7ffa6d210000 of 64 bytes failed: Only part of a ReadProcessMemory or WriteProcessMemory request was completed. (0x12B)
[1211/004125.799:WARNING:pe_image_reader.cc(340)] could not read dos header from C:\windows\System32\cryptsp.dll
[1211/004125.799:ERROR:process_memory_win.cc(73)] ReadMemory at 0x7ffa6e090000 of 64 bytes failed: Only part of a ReadProcessMemory or WriteProcessMemory request was completed. (0x12B)
[1211/004125.799:WARNING:pe_image_reader.cc(340)] could not read dos header from C:\windows\System32\IMM32.DLL
[1211/004125.799:ERROR:process_memory_win.cc(73)] ReadMemory at 0x7ffa6bc40000 of 64 bytes failed: Only part of a ReadProcessMemory or WriteProcessMemory request was completed. (0x12B)
[1211/004125.799:WARNING:pe_image_reader.cc(340)] could not read dos header from C:\windows\SYSTEM32\CRYPTBASE.DLL
[1211/004125.807:ERROR:process_memory_win.cc(73)] ReadMemory at 0x9b35bef000 of 69632 bytes failed: Only part of a ReadProcessMemory or WriteProcessMemory request was completed. (0x12B)
[1211/004125.807:ERROR:process_memory_win.cc(73)] ReadMemory at 0x9b363fe000 of 8192 bytes failed: Only part of a ReadProcessMemory or WriteProcessMemory request was completed. (0x12B)
[1211/004125.807:ERROR:process_memory_win.cc(73)] ReadMemory at 0x9b36bfb000 of 20480 bytes failed: Only part of a ReadProcessMemory or WriteProcessMemory request was completed. (0x12B)
[1211/004125.807:ERROR:process_memory_win.cc(73)] ReadMemory at 0x9b373fd000 of 12288 bytes failed: Only part of a ReadProcessMemory or WriteProcessMemory request was completed. (0x12B)
[1211/004125.807:ERROR:process_memory_win.cc(73)] ReadMemory at 0x9b37bfd000 of 12288 bytes failed: Only part of a ReadProcessMemory or WriteProcessMemory request was completed. (0x12B)
[1211/004125.807:ERROR:process_memory_win.cc(73)] ReadMemory at 0x9b383fe000 of 8192 bytes failed: Only part of a ReadProcessMemory or WriteProcessMemory request was completed. (0x12B)
[1211/004125.807:ERROR:process_memory_win.cc(73)] ReadMemory at 0x9b38bfe000 of 8192 bytes failed: Only part of a ReadProcessMemory or WriteProcessMemory request was completed. (0x12B)
[1211/004125.807:ERROR:process_memory_win.cc(73)] ReadMemory at 0x9b393fe000 of 8192 bytes failed: Only part of a ReadProcessMemory or WriteProcessMemory request was completed. (0x12B)
[1211/004125.807:ERROR:process_memory_win.cc(73)] ReadMemory at 0x9b39bfd000 of 12288 bytes failed: Only part of a ReadProcessMemory or WriteProcessMemory request was completed. (0x12B)
[1211/004125.807:ERROR:process_memory_win.cc(73)] ReadMemory at 0x9b3a3fe000 of 8192 bytes failed: Only part of a ReadProcessMemory or WriteProcessMemory request was completed. (0x12B)
[1211/004125.807:ERROR:process_memory_win.cc(73)] ReadMemory at 0x9b3abfe000 of 8192 bytes failed: Only part of a ReadProcessMemory or WriteProcessMemory request was completed. (0x12B)
[1211/004125.808:ERROR:process_memory_win.cc(73)] ReadMemory at 0x9b3b3fe000 of 8192 bytes failed: Only part of a ReadProcessMemory or WriteProcessMemory request was completed. (0x12B)
[1211/004125.808:ERROR:process_memory_win.cc(73)] ReadMemory at 0x9b3bbfe000 of 8192 bytes failed: Only part of a ReadProcessMemory or WriteProcessMemory request was completed. (0x12B)
[1211/004125.808:ERROR:process_memory_win.cc(73)] ReadMemory at 0x9b3c3fe000 of 8192 bytes failed: Only part of a ReadProcessMemory or WriteProcessMemory request was completed. (0x12B)
[1211/004125.808:ERROR:process_memory_win.cc(73)] ReadMemory at 0x9b3cbfe000 of 8192 bytes failed: Only part of a ReadProcessMemory or WriteProcessMemory request was completed. (0x12B)
[1211/004125.808:ERROR:process_memory_win.cc(73)] ReadMemory at 0x9b3d3fe000 of 8192 bytes failed: Only part of a ReadProcessMemory or WriteProcessMemory request was completed. (0x12B)
[1211/004125.808:ERROR:process_memory_win.cc(73)] ReadMemory at 0x9b3dbfe000 of 8192 bytes failed: Only part of a ReadProcessMemory or WriteProcessMemory request was completed. (0x12B)
[1211/004125.808:ERROR:process_memory_win.cc(73)] ReadMemory at 0x9b352c6000 of 852 bytes failed: Only part of a ReadProcessMemory or WriteProcessMemory request was completed. (0x12B)
[1211/004125.808:ERROR:process_memory_win.cc(73)] ReadMemory at 0x9b352c7000 of 6024 bytes failed: Only part of a ReadProcessMemory or WriteProcessMemory request was completed. (0x12B)
[1211/004125.808:ERROR:process_memory_win.cc(73)] ReadMemory at 0x9b352c9000 of 6024 bytes failed: Only part of a ReadProcessMemory or WriteProcessMemory request was completed. (0x12B)
[1211/004125.808:ERROR:process_memory_win.cc(73)] ReadMemory at 0x9b352cb000 of 6024 bytes failed: Only part of a ReadProcessMemory or WriteProcessMemory request was completed. (0x12B)
[1211/004125.808:ERROR:process_memory_win.cc(73)] ReadMemory at 0x9b352cd000 of 6024 bytes failed: Only part of a ReadProcessMemory or WriteProcessMemory request was completed. (0x12B)
[1211/004125.808:ERROR:process_memory_win.cc(73)] ReadMemory at 0x9b352cf000 of 6024 bytes failed: Only part of a ReadProcessMemory or WriteProcessMemory request was completed. (0x12B)
[1211/004125.808:ERROR:process_memory_win.cc(73)] ReadMemory at 0x9b352d1000 of 6024 bytes failed: Only part of a ReadProcessMemory or WriteProcessMemory request was completed. (0x12B)
[1211/004125.808:ERROR:process_memory_win.cc(73)] ReadMemory at 0x9b352d3000 of 6024 bytes failed: Only part of a ReadProcessMemory or WriteProcessMemory request was completed. (0x12B)
[1211/004125.808:ERROR:process_memory_win.cc(73)] ReadMemory at 0x9b352d5000 of 6024 bytes failed: Only part of a ReadProcessMemory or WriteProcessMemory request was completed. (0x12B)
[1211/004125.809:ERROR:process_memory_win.cc(73)] ReadMemory at 0x9b352d7000 of 6024 bytes failed: Only part of a ReadProcessMemory or WriteProcessMemory request was completed. (0x12B)
[1211/004125.809:ERROR:process_memory_win.cc(73)] ReadMemory at 0x9b352d9000 of 6024 bytes failed: Only part of a ReadProcessMemory or WriteProcessMemory request was completed. (0x12B)
[1211/004125.809:ERROR:process_memory_win.cc(73)] ReadMemory at 0x9b352db000 of 6024 bytes failed: Only part of a ReadProcessMemory or WriteProcessMemory request was completed. (0x12B)
[1211/004125.809:ERROR:process_memory_win.cc(73)] ReadMemory at 0x9b352dd000 of 6024 bytes failed: Only part of a ReadProcessMemory or WriteProcessMemory request was completed. (0x12B)
[1211/004125.809:ERROR:process_memory_win.cc(73)] ReadMemory at 0x9b352df000 of 6024 bytes failed: Only part of a ReadProcessMemory or WriteProcessMemory request was completed. (0x12B)
[1211/004125.809:ERROR:process_memory_win.cc(73)] ReadMemory at 0x9b352e1000 of 6024 bytes failed: Only part of a ReadProcessMemory or WriteProcessMemory request was completed. (0x12B)
[1211/004125.809:ERROR:process_memory_win.cc(73)] ReadMemory at 0x9b352e3000 of 6024 bytes failed: Only part of a ReadProcessMemory or WriteProcessMemory request was completed. (0x12B)
[1211/004125.809:ERROR:process_memory_win.cc(73)] ReadMemory at 0x9b352e5000 of 6024 bytes failed: Only part of a ReadProcessMemory or WriteProcessMemory request was completed. (0x12B)
[1211/004125.809:ERROR:process_memory_win.cc(73)] ReadMemory at 0x9b352e7000 of 6024 bytes failed: Only part of a ReadProcessMemory or WriteProcessMemory request was completed. (0x12B)
[1211/004125.809:ERROR:process_memory_win.cc(73)] ReadMemory at 0x240c0510fe0 of 5458 bytes failed: Only part of a ReadProcessMemory or WriteProcessMemory request was completed. (0x12B)
[1211/004125.809:ERROR:process_memory_win.cc(73)] ReadMemory at 0x240c0512540 of 1012 bytes failed: Only part of a ReadProcessMemory or WriteProcessMemory request was completed. (0x12B)
[1211/004125.809:ERROR:process_memory_win.cc(73)] ReadMemory at 0x240c0512b88 of 118 bytes failed: Only part of a ReadProcessMemory or WriteProcessMemory request was completed. (0x12B)
[1211/004125.809:ERROR:process_memory_win.cc(73)] ReadMemory at 0x240c0512c00 of 1226 bytes failed: Only part of a ReadProcessMemory or WriteProcessMemory request was completed. (0x12B)
[1211/004125.809:ERROR:process_memory_win.cc(73)] ReadMemory at 0x240c05130cc of 118 bytes failed: Only part of a ReadProcessMemory or WriteProcessMemory request was completed. (0x12B)
[1211/004125.809:ERROR:process_memory_win.cc(73)] ReadMemory at 0x240c0513144 of 96 bytes failed: Only part of a ReadProcessMemory or WriteProcessMemory request was completed. (0x12B)
[1211/004125.809:ERROR:process_memory_win.cc(73)] ReadMemory at 0x240c05131b0 of 58 bytes failed: Only part of a ReadProcessMemory or WriteProcessMemory request was completed. (0x12B)
[1211/004125.809:ERROR:process_memory_win.cc(73)] ReadMemory at 0x240c05132b0 of 132 bytes failed: Only part of a ReadProcessMemory or WriteProcessMemory request was completed. (0x12B)
[1211/004125.809:ERROR:process_memory_win.cc(73)] ReadMemory at 0x240c0513440 of 132 bytes failed: Only part of a ReadProcessMemory or WriteProcessMemory request was completed. (0x12B)
[1211/004125.809:ERROR:process_memory_win.cc(73)] ReadMemory at 0x240c0513600 of 124 bytes failed: Only part of a ReadProcessMemory or WriteProcessMemory request was completed. (0x12B)
[1211/004125.809:ERROR:process_memory_win.cc(73)] ReadMemory at 0x240c0513b00 of 132 bytes failed: Only part of a ReadProcessMemory or WriteProcessMemory request was completed. (0x12B)
[1211/004125.810:ERROR:process_memory_win.cc(73)] ReadMemory at 0x240c0513c90 of 64 bytes failed: Only part of a ReadProcessMemory or WriteProcessMemory request was completed. (0x12B)
[1211/004125.810:ERROR:process_memory_win.cc(73)] ReadMemory at 0x240c0513e50 of 132 bytes failed: Only part of a ReadProcessMemory or WriteProcessMemory request was completed. (0x12B)
[1211/004125.810:ERROR:process_memory_win.cc(73)] ReadMemory at 0x240c05140f0 of 132 bytes failed: Only part of a ReadProcessMemory or WriteProcessMemory request was completed. (0x12B)
[1211/004125.810:ERROR:process_memory_win.cc(73)] ReadMemory at 0x240c0514280 of 68 bytes failed: Only part of a ReadProcessMemory or WriteProcessMemory request was completed. (0x12B)
[1211/004125.810:ERROR:process_memory_win.cc(73)] ReadMemory at 0x240c0515430 of 132 bytes failed: Only part of a ReadProcessMemory or WriteProcessMemory request was completed. (0x12B)
[1211/004125.810:ERROR:process_memory_win.cc(73)] ReadMemory at 0x240c05155c0 of 152 bytes failed: Only part of a ReadProcessMemory or WriteProcessMemory request was completed. (0x12B)
[1211/004125.810:ERROR:process_memory_win.cc(73)] ReadMemory at 0x240c0516290 of 62 bytes failed: Only part of a ReadProcessMemory or WriteProcessMemory request was completed. (0x12B)
[1211/004125.810:ERROR:process_memory_win.cc(73)] ReadMemory at 0x240c0516480 of 132 bytes failed: Only part of a ReadProcessMemory or WriteProcessMemory request was completed. (0x12B)
[1211/004125.810:ERROR:process_memory_win.cc(73)] ReadMemory at 0x240c05165b0 of 60 bytes failed: Only part of a ReadProcessMemory or WriteProcessMemory request was completed. (0x12B)
[1211/004125.810:ERROR:process_memory_win.cc(73)] ReadMemory at 0x240c051a7c0 of 54 bytes failed: Only part of a ReadProcessMemory or WriteProcessMemory request was completed. (0x12B)
[1211/004125.810:ERROR:process_memory_win.cc(73)] ReadMemory at 0x240c051b300 of 62 bytes failed: Only part of a ReadProcessMemory or WriteProcessMemory request was completed. (0x12B)
[1211/004125.810:ERROR:process_memory_win.cc(73)] ReadMemory at 0x240c051fa30 of 80 bytes failed: Only part of a ReadProcessMemory or WriteProcessMemory request was completed. (0x12B)
[1211/004125.810:ERROR:process_memory_win.cc(73)] ReadMemory at 0x240c05245b0 of 132 bytes failed: Only part of a ReadProcessMemory or WriteProcessMemory request was completed. (0x12B)
[1211/004125.810:ERROR:process_memory_win.cc(73)] ReadMemory at 0x240c0524aa0 of 132 bytes failed: Only part of a ReadProcessMemory or WriteProcessMemory request was completed. (0x12B)
[1211/004125.810:ERROR:process_memory_win.cc(73)] ReadMemory at 0x240c0524fd0 of 144 bytes failed: Only part of a ReadProcessMemory or WriteProcessMemory request was completed. (0x12B)
[1211/004125.810:ERROR:process_memory_win.cc(73)] ReadMemory at 0x240c05250b0 of 132 bytes failed: Only part of a ReadProcessMemory or WriteProcessMemory request was completed. (0x12B)
[1211/004125.810:ERROR:process_memory_win.cc(73)] ReadMemory at 0x240c0525790 of 132 bytes failed: Only part of a ReadProcessMemory or WriteProcessMemory request was completed. (0x12B)
[1211/004125.811:ERROR:process_memory_win.cc(73)] ReadMemory at 0x240c0525af0 of 132 bytes failed: Only part of a ReadProcessMemory or WriteProcessMemory request was completed. (0x12B)
[1211/004125.811:ERROR:process_memory_win.cc(73)] ReadMemory at 0x240c0525d50 of 132 bytes failed: Only part of a ReadProcessMemory or WriteProcessMemory request was completed. (0x12B)
[1211/004125.811:ERROR:process_memory_win.cc(73)] ReadMemory at 0x240c0525e80 of 132 bytes failed: Only part of a ReadProcessMemory or WriteProcessMemory request was completed. (0x12B)
[1211/004125.811:ERROR:process_memory_win.cc(73)] ReadMemory at 0x240c0525fb0 of 132 bytes failed: Only part of a ReadProcessMemory or WriteProcessMemory request was completed. (0x12B)
[1211/004125.811:ERROR:process_memory_win.cc(73)] ReadMemory at 0x240c05260e0 of 132 bytes failed: Only part of a ReadProcessMemory or WriteProcessMemory request was completed. (0x12B)
[1211/004125.811:ERROR:process_memory_win.cc(73)] ReadMemory at 0x240c0526340 of 132 bytes failed: Only part of a ReadProcessMemory or WriteProcessMemory request was completed. (0x12B)
[1211/004125.811:ERROR:process_memory_win.cc(73)] ReadMemory at 0x240c0526470 of 132 bytes failed: Only part of a ReadProcessMemory or WriteProcessMemory request was completed. (0x12B)
[1211/004125.811:ERROR:process_memory_win.cc(73)] ReadMemory at 0x240c05265a0 of 132 bytes failed: Only part of a ReadProcessMemory or WriteProcessMemory request was completed. (0x12B)
[1211/004125.811:ERROR:process_memory_win.cc(73)] ReadMemory at 0x240c05266d0 of 132 bytes failed: Only part of a ReadProcessMemory or WriteProcessMemory request was completed. (0x12B)
[1211/004125.811:ERROR:process_memory_win.cc(73)] ReadMemory at 0x240c0526800 of 132 bytes failed: Only part of a ReadProcessMemory or WriteProcessMemory request was completed. (0x12B)
[1211/004125.811:ERROR:process_memory_win.cc(73)] ReadMemory at 0x240c0526930 of 132 bytes failed: Only part of a ReadProcessMemory or WriteProcessMemory request was completed. (0x12B)
[1211/004125.811:ERROR:process_memory_win.cc(73)] ReadMemory at 0x240c0526a60 of 132 bytes failed: Only part of a ReadProcessMemory or WriteProcessMemory request was completed. (0x12B)
[1211/004125.811:ERROR:process_memory_win.cc(73)] ReadMemory at 0x240c0526b90 of 132 bytes failed: Only part of a ReadProcessMemory or WriteProcessMemory request was completed. (0x12B)
[1211/004125.811:ERROR:process_memory_win.cc(73)] ReadMemory at 0x240c0528fd0 of 132 bytes failed: Only part of a ReadProcessMemory or WriteProcessMemory request was completed. (0x12B)
[1211/004125.812:ERROR:process_memory_win.cc(73)] ReadMemory at 0x240c052b080 of 132 bytes failed: Only part of a ReadProcessMemory or WriteProcessMemory request was completed. (0x12B)
[1211/004125.812:ERROR:process_memory_win.cc(73)] ReadMemory at 0x240c052b3a0 of 132 bytes failed: Only part of a ReadProcessMemory or WriteProcessMemory request was completed. (0x12B)
[1211/004125.812:ERROR:process_memory_win.cc(73)] ReadMemory at 0x240c052b5c0 of 132 bytes failed: Only part of a ReadProcessMemory or WriteProcessMemory request was completed. (0x12B)
[1211/004125.812:ERROR:process_memory_win.cc(73)] ReadMemory at 0x240c052b750 of 64 bytes failed: Only part of a ReadProcessMemory or WriteProcessMemory request was completed. (0x12B)
[1211/004125.812:ERROR:process_memory_win.cc(73)] ReadMemory at 0x240c052b7a0 of 60 bytes failed: Only part of a ReadProcessMemory or WriteProcessMemory request was completed. (0x12B)
[1211/004125.812:ERROR:process_memory_win.cc(73)] ReadMemory at 0x240c052b7f0 of 64 bytes failed: Only part of a ReadProcessMemory or WriteProcessMemory request was completed. (0x12B)
[1211/004125.812:ERROR:process_memory_win.cc(73)] ReadMemory at 0x240c052b840 of 66 bytes failed: Only part of a ReadProcessMemory or WriteProcessMemory request was completed. (0x12B)
[1211/004125.812:ERROR:process_memory_win.cc(73)] ReadMemory at 0x240c052b890 of 60 bytes failed: Only part of a ReadProcessMemory or WriteProcessMemory request was completed. (0x12B)
[1211/004125.812:ERROR:process_memory_win.cc(73)] ReadMemory at 0x240c052b8e0 of 62 bytes failed: Only part of a ReadProcessMemory or WriteProcessMemory request was completed. (0x12B)
[1211/004125.812:ERROR:process_memory_win.cc(73)] ReadMemory at 0x240c052b930 of 64 bytes failed: Only part of a ReadProcessMemory or WriteProcessMemory request was completed. (0x12B)
[1211/004125.812:ERROR:process_memory_win.cc(73)] ReadMemory at 0x240c052b980 of 64 bytes failed: Only part of a ReadProcessMemory or WriteProcessMemory request was completed. (0x12B)
[1211/004125.812:ERROR:process_memory_win.cc(73)] ReadMemory at 0x240c052bb10 of 62 bytes failed: Only part of a ReadProcessMemory or WriteProcessMemory request was completed. (0x12B)
[1211/004125.812:ERROR:process_memory_win.cc(73)] ReadMemory at 0x240c052bc50 of 64 bytes failed: Only part of a ReadProcessMemory or WriteProcessMemory request was completed. (0x12B)
[1211/004125.813:ERROR:process_memory_win.cc(73)] ReadMemory at 0x240c052bcf0 of 62 bytes failed: Only part of a ReadProcessMemory or WriteProcessMemory request was completed. (0x12B)
[1211/004125.813:ERROR:process_memory_win.cc(73)] ReadMemory at 0x240c052bd40 of 60 bytes failed: Only part of a ReadProcessMemory or WriteProcessMemory request was completed. (0x12B)
[1211/004125.813:ERROR:process_memory_win.cc(73)] ReadMemory at 0x240c052be80 of 62 bytes failed: Only part of a ReadProcessMemory or WriteProcessMemory request was completed. (0x12B)
[1211/004125.813:ERROR:process_memory_win.cc(73)] ReadMemory at 0x240c052bed0 of 60 bytes failed: Only part of a ReadProcessMemory or WriteProcessMemory request was completed. (0x12B)
[1211/004125.813:ERROR:process_memory_win.cc(73)] ReadMemory at 0x240c052bf70 of 62 bytes failed: Only part of a ReadProcessMemory or WriteProcessMemory request was completed. (0x12B)
[1211/004125.813:ERROR:process_memory_win.cc(73)] ReadMemory at 0x240c052c010 of 62 bytes failed: Only part of a ReadProcessMemory or WriteProcessMemory request was completed. (0x12B)
[1211/004125.813:ERROR:process_memory_win.cc(73)] ReadMemory at 0x240c052c060 of 64 bytes failed: Only part of a ReadProcessMemory or WriteProcessMemory request was completed. (0x12B)
[1211/004125.813:ERROR:process_memory_win.cc(73)] ReadMemory at 0x240c052c100 of 58 bytes failed: Only part of a ReadProcessMemory or WriteProcessMemory request was completed. (0x12B)
[1211/004125.813:ERROR:process_memory_win.cc(73)] ReadMemory at 0x240c052c150 of 62 bytes failed: Only part of a ReadProcessMemory or WriteProcessMemory request was completed. (0x12B)
[1211/004125.813:ERROR:process_memory_win.cc(73)] ReadMemory at 0x240c052c2e0 of 64 bytes failed: Only part of a ReadProcessMemory or WriteProcessMemory request was completed. (0x12B)
[1211/004125.813:ERROR:process_memory_win.cc(73)] ReadMemory at 0x240c052c380 of 60 bytes failed: Only part of a ReadProcessMemory or WriteProcessMemory request was completed. (0x12B)
[1211/004125.813:ERROR:process_memory_win.cc(73)] ReadMemory at 0x240c052c3d0 of 60 bytes failed: Only part of a ReadProcessMemory or WriteProcessMemory request was completed. (0x12B)
[1211/004125.813:ERROR:process_memory_win.cc(73)] ReadMemory at 0x240c052c420 of 64 bytes failed: Only part of a ReadProcessMemory or WriteProcessMemory request was completed. (0x12B)
[1211/004125.813:ERROR:process_memory_win.cc(73)] ReadMemory at 0x240c052c470 of 66 bytes failed: Only part of a ReadProcessMemory or WriteProcessMemory request was completed. (0x12B)
[1211/004125.814:ERROR:process_memory_win.cc(73)] ReadMemory at 0x240c052c510 of 62 bytes failed: Only part of a ReadProcessMemory or WriteProcessMemory request was completed. (0x12B)
[1211/004125.814:ERROR:process_memory_win.cc(73)] ReadMemory at 0x240c052c5b0 of 62 bytes failed: Only part of a ReadProcessMemory or WriteProcessMemory request was completed. (0x12B)
[1211/004125.814:ERROR:process_memory_win.cc(73)] ReadMemory at 0x240c052e730 of 132 bytes failed: Only part of a ReadProcessMemory or WriteProcessMemory request was completed. (0x12B)
[1211/004125.814:ERROR:process_memory_win.cc(73)] ReadMemory at 0x240c05328e0 of 76 bytes failed: Only part of a ReadProcessMemory or WriteProcessMemory request was completed. (0x12B)
[1211/004125.814:ERROR:process_memory_win.cc(73)] ReadMemory at 0x240c0532be0 of 80 bytes failed: Only part of a ReadProcessMemory or WriteProcessMemory request was completed. (0x12B)
[1211/004125.814:ERROR:process_memory_win.cc(73)] ReadMemory at 0x240c0532ff0 of 132 bytes failed: Only part of a ReadProcessMemory or WriteProcessMemory request was completed. (0x12B)
[1211/004125.814:ERROR:process_memory_win.cc(73)] ReadMemory at 0x240c0533120 of 132 bytes failed: Only part of a ReadProcessMemory or WriteProcessMemory request was completed. (0x12B)
[1211/004125.814:ERROR:process_memory_win.cc(73)] ReadMemory at 0x240c05334b0 of 132 bytes failed: Only part of a ReadProcessMemory or WriteProcessMemory request was completed. (0x12B)
[1211/004125.814:ERROR:process_memory_win.cc(73)] ReadMemory at 0x240c05335e0 of 132 bytes failed: Only part of a ReadProcessMemory or WriteProcessMemory request was completed. (0x12B)
[1211/004125.814:ERROR:process_memory_win.cc(73)] ReadMemory at 0x240c0533710 of 132 bytes failed: Only part of a ReadProcessMemory or WriteProcessMemory request was completed. (0x12B)
[1211/004125.814:ERROR:process_memory_win.cc(73)] ReadMemory at 0x240c0533840 of 132 bytes failed: Only part of a ReadProcessMemory or WriteProcessMemory request was completed. (0x12B)
[1211/004125.814:ERROR:process_memory_win.cc(73)] ReadMemory at 0x240c0533bd0 of 132 bytes failed: Only part of a ReadProcessMemory or WriteProcessMemory request was completed. (0x12B)
[1211/004125.814:ERROR:process_memory_win.cc(73)] ReadMemory at 0x240c0533d00 of 132 bytes failed: Only part of a ReadProcessMemory or WriteProcessMemory request was completed. (0x12B)
[1211/004125.814:ERROR:process_memory_win.cc(73)] ReadMemory at 0x240c0533f60 of 132 bytes failed: Only part of a ReadProcessMemory or WriteProcessMemory request was completed. (0x12B)
[1211/004125.814:ERROR:process_memory_win.cc(73)] ReadMemory at 0x240c0534090 of 132 bytes failed: Only part of a ReadProcessMemory or WriteProcessMemory request was completed. (0x12B)
[1211/004125.814:ERROR:process_memory_win.cc(73)] ReadMemory at 0x240c05341c0 of 132 bytes failed: Only part of a ReadProcessMemory or WriteProcessMemory request was completed. (0x12B)
[1211/004125.814:ERROR:process_memory_win.cc(73)] ReadMemory at 0x240c05342f0 of 132 bytes failed: Only part of a ReadProcessMemory or WriteProcessMemory request was completed. (0x12B)
[1211/004125.814:ERROR:process_memory_win.cc(73)] ReadMemory at 0x240c0534420 of 132 bytes failed: Only part of a ReadProcessMemory or WriteProcessMemory request was completed. (0x12B)
[1211/004125.815:ERROR:process_memory_win.cc(73)] ReadMemory at 0x240c0534550 of 132 bytes failed: Only part of a ReadProcessMemory or WriteProcessMemory request was completed. (0x12B)
[1211/004125.815:ERROR:process_memory_win.cc(73)] ReadMemory at 0x240c0534680 of 132 bytes failed: Only part of a ReadProcessMemory or WriteProcessMemory request was completed. (0x12B)
[1211/004125.815:ERROR:process_memory_win.cc(73)] ReadMemory at 0x240c05347b0 of 132 bytes failed: Only part of a ReadProcessMemory or WriteProcessMemory request was completed. (0x12B)
[1211/004125.815:ERROR:process_memory_win.cc(73)] ReadMemory at 0x240c05348e0 of 132 bytes failed: Only part of a ReadProcessMemory or WriteProcessMemory request was completed. (0x12B)
[1211/004125.815:ERROR:process_memory_win.cc(73)] ReadMemory at 0x240c0534a10 of 132 bytes failed: Only part of a ReadProcessMemory or WriteProcessMemory request was completed. (0x12B)
[1211/004125.815:ERROR:process_memory_win.cc(73)] ReadMemory at 0x240c0534b40 of 132 bytes failed: Only part of a ReadProcessMemory or WriteProcessMemory request was completed. (0x12B)
[1211/004125.815:ERROR:process_memory_win.cc(73)] ReadMemory at 0x240c0534c70 of 132 bytes failed: Only part of a ReadProcessMemory or WriteProcessMemory request was completed. (0x12B)
[1211/004125.815:ERROR:process_memory_win.cc(73)] ReadMemory at 0x240c0534da0 of 132 bytes failed: Only part of a ReadProcessMemory or WriteProcessMemory request was completed. (0x12B)
[1211/004125.815:ERROR:process_memory_win.cc(73)] ReadMemory at 0x240c054ea00 of 78 bytes failed: Only part of a ReadProcessMemory or WriteProcessMemory request was completed. (0x12B)
[1211/004125.815:ERROR:process_memory_win.cc(73)] ReadMemory at 0x240c0557010 of 66 bytes failed: Only part of a ReadProcessMemory or WriteProcessMemory request was completed. (0x12B)
[1211/004125.815:ERROR:process_memory_win.cc(73)] ReadMemory at 0x240c05571a0 of 62 bytes failed: Only part of a ReadProcessMemory or WriteProcessMemory request was completed. (0x12B)
[1211/004125.815:ERROR:process_memory_win.cc(73)] ReadMemory at 0x240c05571f0 of 64 bytes failed: Only part of a ReadProcessMemory or WriteProcessMemory request was completed. (0x12B)
[1211/004125.815:ERROR:process_memory_win.cc(73)] ReadMemory at 0x240c0557290 of 58 bytes failed: Only part of a ReadProcessMemory or WriteProcessMemory request was completed. (0x12B)
[1211/004125.815:ERROR:process_memory_win.cc(73)] ReadMemory at 0x240c05576a0 of 58 bytes failed: Only part of a ReadProcessMemory or WriteProcessMemory request was completed. (0x12B)
[1211/004125.815:ERROR:process_memory_win.cc(73)] ReadMemory at 0x240c05579c0 of 60 bytes failed: Only part of a ReadProcessMemory or WriteProcessMemory request was completed. (0x12B)
[1211/004125.815:ERROR:process_memory_win.cc(73)] ReadMemory at 0x240c0557a10 of 60 bytes failed: Only part of a ReadProcessMemory or WriteProcessMemory request was completed. (0x12B)
[1211/004125.815:ERROR:process_memory_win.cc(73)] ReadMemory at 0x240c0557ab0 of 62 bytes failed: Only part of a ReadProcessMemory or WriteProcessMemory request was completed. (0x12B)
[1211/004125.815:ERROR:process_memory_win.cc(73)] ReadMemory at 0x240c0557b00 of 58 bytes failed: Only part of a ReadProcessMemory or WriteProcessMemory request was completed. (0x12B)
[1211/004125.815:ERROR:process_memory_win.cc(73)] ReadMemory at 0x240c0557dd0 of 62 bytes failed: Only part of a ReadProcessMemory or WriteProcessMemory request was completed. (0x12B)
[1211/004125.816:ERROR:process_memory_win.cc(73)] ReadMemory at 0x240c05787d0 of 512 bytes failed: Only part of a ReadProcessMemory or WriteProcessMemory request was completed. (0x12B)
[1211/004125.816:ERROR:process_memory_win.cc(73)] ReadMemory at 0x240c057a198 of 512 bytes failed: Only part of a ReadProcessMemory or WriteProcessMemory request was completed. (0x12B)
[1211/004125.816:ERROR:process_memory_win.cc(73)] ReadMemory at 0x240c058e010 of 512 bytes failed: Only part of a ReadProcessMemory or WriteProcessMemory request was completed. (0x12B)
[1211/004125.816:ERROR:process_memory_win.cc(73)] ReadMemory at 0x240c058e290 of 512 bytes failed: Only part of a ReadProcessMemory or WriteProcessMemory request was completed. (0x12B)
[1211/004125.816:ERROR:process_memory_win.cc(73)] ReadMemory at 0x240c058e890 of 512 bytes failed: Only part of a ReadProcessMemory or WriteProcessMemory request was completed. (0x12B)
[1211/004125.816:ERROR:process_memory_win.cc(73)] ReadMemory at 0x240c0590ff0 of 512 bytes failed: Only part of a ReadProcessMemory or WriteProcessMemory request was completed. (0x12B)
[1211/004125.816:ERROR:process_memory_win.cc(73)] ReadMemory at 0x240c05ae9a0 of 512 bytes failed: Only part of a ReadProcessMemory or WriteProcessMemory request was completed. (0x12B)
[1211/004125.816:ERROR:process_memory_win.cc(73)] ReadMemory at 0x240c05b68f0 of 512 bytes failed: Only part of a ReadProcessMemory or WriteProcessMemory request was completed. (0x12B)
[1211/004125.816:ERROR:process_memory_win.cc(73)] ReadMemory at 0x240c05b7330 of 712 bytes failed: Only part of a ReadProcessMemory or WriteProcessMemory request was completed. (0x12B)
[1211/004125.816:ERROR:process_memory_win.cc(73)] ReadMemory at 0x240c05ba420 of 512 bytes failed: Only part of a ReadProcessMemory or WriteProcessMemory request was completed. (0x12B)
[1211/004125.816:ERROR:process_memory_win.cc(73)] ReadMemory at 0x240c05dfc30 of 512 bytes failed: Only part of a ReadProcessMemory or WriteProcessMemory request was completed. (0x12B)
[1211/004125.816:ERROR:process_memory_win.cc(73)] ReadMemory at 0x240c05e2a30 of 512 bytes failed: Only part of a ReadProcessMemory or WriteProcessMemory request was completed. (0x12B)
[1211/004125.816:ERROR:process_memory_win.cc(73)] ReadMemory at 0x240c05e2f80 of 512 bytes failed: Only part of a ReadProcessMemory or WriteProcessMemory request was completed. (0x12B)
[1211/004125.816:ERROR:process_memory_win.cc(73)] ReadMemory at 0x240c05f50f0 of 512 bytes failed: Only part of a ReadProcessMemory or WriteProcessMemory request was completed. (0x12B)
[1211/004125.816:ERROR:process_memory_win.cc(73)] ReadMemory at 0x240c0610dc0 of 512 bytes failed: Only part of a ReadProcessMemory or WriteProcessMemory request was completed. (0x12B)
[1211/004125.816:ERROR:process_memory_win.cc(73)] ReadMemory at 0x240c0612740 of 512 bytes failed: Only part of a ReadProcessMemory or WriteProcessMemory request was completed. (0x12B)
[1211/004125.816:ERROR:process_memory_win.cc(73)] ReadMemory at 0x240c0612980 of 512 bytes failed: Only part of a ReadProcessMemory or WriteProcessMemory request was completed. (0x12B)
[1211/004125.817:ERROR:process_memory_win.cc(73)] ReadMemory at 0x240c222a850 of 512 bytes failed: Only part of a ReadProcessMemory or WriteProcessMemory request was completed. (0x12B)
[1211/004125.817:ERROR:process_memory_win.cc(73)] ReadMemory at 0x240c2271720 of 512 bytes failed: Only part of a ReadProcessMemory or WriteProcessMemory request was completed. (0x12B)
[1211/004125.817:ERROR:process_memory_win.cc(73)] ReadMemory at 0x240c22790c6 of 720 bytes failed: Only part of a ReadProcessMemory or WriteProcessMemory request was completed. (0x12B)
[1211/004125.817:ERROR:process_memory_win.cc(73)] ReadMemory at 0x240c22793f6 of 512 bytes failed: Only part of a ReadProcessMemory or WriteProcessMemory request was completed. (0x12B)
[1211/004125.817:ERROR:process_memory_win.cc(73)] ReadMemory at 0x240c2286a68 of 656 bytes failed: Only part of a ReadProcessMemory or WriteProcessMemory request was completed. (0x12B)
[1211/004125.817:ERROR:process_memory_win.cc(73)] ReadMemory at 0x240c2287518 of 512 bytes failed: Only part of a ReadProcessMemory or WriteProcessMemory request was completed. (0x12B)
[1211/004125.817:ERROR:process_memory_win.cc(73)] ReadMemory at 0x240c2287fc8 of 944 bytes failed: Only part of a ReadProcessMemory or WriteProcessMemory request was completed. (0x12B)
[1211/004125.817:ERROR:process_memory_win.cc(73)] ReadMemory at 0x240c23e4cc0 of 512 bytes failed: Only part of a ReadProcessMemory or WriteProcessMemory request was completed. (0x12B)
[1211/004125.817:ERROR:process_memory_win.cc(73)] ReadMemory at 0x240c23fbc40 of 512 bytes failed: Only part of a ReadProcessMemory or WriteProcessMemory request was completed. (0x12B)
[1211/004125.817:ERROR:process_memory_win.cc(73)] ReadMemory at 0x240c241b878 of 512 bytes failed: Only part of a ReadProcessMemory or WriteProcessMemory request was completed. (0x12B)
[1211/004125.817:ERROR:process_memory_win.cc(73)] ReadMemory at 0x240c24709f8 of 512 bytes failed: Only part of a ReadProcessMemory or WriteProcessMemory request was completed. (0x12B)
[1211/004125.817:ERROR:process_memory_win.cc(73)] ReadMemory at 0x240c2e47125 of 512 bytes failed: Only part of a ReadProcessMemory or WriteProcessMemory request was completed. (0x12B)
[1211/004125.817:ERROR:process_memory_win.cc(73)] ReadMemory at 0x240c2e59e28 of 512 bytes failed: Only part of a ReadProcessMemory or WriteProcessMemory request was completed. (0x12B)
[1211/004125.817:ERROR:process_memory_win.cc(73)] ReadMemory at 0x2b640839137c of 512 bytes failed: Only part of a ReadProcessMemory or WriteProcessMemory request was completed. (0x12B)
[1211/004125.817:ERROR:process_memory_win.cc(73)] ReadMemory at 0x2b64084f18c0 of 512 bytes failed: Only part of a ReadProcessMemory or WriteProcessMemory request was completed. (0x12B)
[1211/004125.817:ERROR:process_memory_win.cc(73)] ReadMemory at 0x7ff9f58a4456 of 512 bytes failed: Only part of a ReadProcessMemory or WriteProcessMemory request was completed. (0x12B)
[1211/004125.817:ERROR:process_memory_win.cc(73)] ReadMemory at 0x7ffa6c333aa9 of 512 bytes failed: Only part of a ReadProcessMemory or WriteProcessMemory request was completed. (0x12B)
[1211/004125.818:ERROR:process_memory_win.cc(73)] ReadMemory at 0x7ffa6c55d6e0 of 512 bytes failed: Only part of a ReadProcessMemory or WriteProcessMemory request was completed. (0x12B)
[1211/004125.818:ERROR:process_memory_win.cc(73)] ReadMemory at 0x7ffa6d871fd0 of 512 bytes failed: Only part of a ReadProcessMemory or WriteProcessMemory request was completed. (0x12B)
[1211/004125.818:ERROR:process_memory_win.cc(73)] ReadMemory at 0x7ffa6f41c6f4 of 672 bytes failed: Only part of a ReadProcessMemory or WriteProcessMemory request was completed. (0x12B)
[1211/004125.818:ERROR:process_memory_win.cc(73)] ReadMemory at 0x7ffa6f41ccf4 of 512 bytes failed: Only part of a ReadProcessMemory or WriteProcessMemory request was completed. (0x12B)
[1211/004125.818:ERROR:process_memory_win.cc(73)] ReadMemory at 0x7ffa6f41ffa4 of 608 bytes failed: Only part of a ReadProcessMemory or WriteProcessMemory request was completed. (0x12B)
[1211/004125.818:ERROR:process_memory_win.cc(73)] ReadMemory at 0x7ffa6f4ac428 of 18 bytes failed: Only part of a ReadProcessMemory or WriteProcessMemory request was completed. (0x12B)
[1211/004125.818:ERROR:process_memory_win.cc(73)] ReadMemory at 0x7ffa6f4df4f8 of 40 bytes failed: Only part of a ReadProcessMemory or WriteProcessMemory request was completed. (0x12B)
[1211/004125.818:ERROR:process_memory_win.cc(73)] ReadMemory at 0x7ffa6f4df978 of 48 bytes failed: Only part of a ReadProcessMemory or WriteProcessMemory request was completed. (0x12B)
[1211/004125.818:ERROR:process_memory_win.cc(73)] ReadMemory at 0x7ffa6f4e53c0 of 64 bytes failed: Only part of a ReadProcessMemory or WriteProcessMemory request was completed. (0x12B)
[1211/004125.819:ERROR:file_io_win.cc(162)] CreateFile C:\Users\nursh\AppData\Local\Temp\scoped_dir13232_592511320\Crashpad\settings.dat: The system cannot find the file specified. (0x2)
[1211/004125.819:ERROR:scoped_process_suspend.cc(40)] NtResumeProcess: An attempt was made to access an exiting process. (0xc000010a)
